ispLEVER Auto-Make Log File
---------------------------

Updating: Functional Simulation
Start to record tcl script...
Finished recording TCL script.

Starting: 'C:\ispLEVER_Classic2_0\ispcpld\bin\ahdl2blf.exe DataAccess.abl -mod DataAccess -ojhd compile -ret -def _AMDMACH_ _MACH_ _LSI5K_ _LATTICE_ _PLSI_ _MACH4ZE_  -err automake.err -gui'

AHDL2BLF  ABEL-HDL Processor
ispLEVER Classic 2.0 Copyright(C), 1992-2005, Lattice Semiconductor Corporation. All rights reserved
Portions Copyright(c), 1992-1999, Vantis Corporation
Portions Copyright(C), 1993-1998, Data I/O Corporation
Portions Copyright(C), 1997-1998, MINC Washington Corporation
Portions Copyright(C), Alan Phillips, Lancaster University Computer Centre 1992-1998
Module: 'DataAccess'

  Processing equations.....

  Module parsing complete. Building logic network...

  Creating Open-ABEL 2 (BLIF) file dataaccess.bl0...



Module 'dataaccess' processing complete.

AHDL2BLF complete - 0 errors, 0 warnings. Time: 1 seconds

Done: completed successfully.

Starting: 'C:\ispLEVER_Classic2_0\ispcpld\bin\mblifopt.exe DataAccess.bl0 -collapse none -reduce none -err automake.err -gui -keepwires'

BLIFOPT  Open-ABEL Optimizer 
U.C. Berkeley, SIS Ver. 1.0, supported by Lattice Semiconductor
ispLEVER Classic 2.0 Copyright 1992-2015 Lattice Semiconductor. All Rights Reserved.
Reading Open-ABEL 2 file DataAccess.bl0...
Writing Open-ABEL 2 (BLIF) file DataAccess.bl1...
Note    0: 
BLIFOPT complete - Time 0 seconds
Done: completed successfully.

Starting: 'C:\ispLEVER_Classic2_0\ispcpld\bin\ahdl2blf.exe ControlUnit.abl -mod ControlUnit -ojhd compile -ret -def _AMDMACH_ _MACH_ _LSI5K_ _LATTICE_ _PLSI_ _MACH4ZE_  -err automake.err -gui'

AHDL2BLF  ABEL-HDL Processor
ispLEVER Classic 2.0 Copyright(C), 1992-2005, Lattice Semiconductor Corporation. All rights reserved
Portions Copyright(c), 1992-1999, Vantis Corporation
Portions Copyright(C), 1993-1998, Data I/O Corporation
Portions Copyright(C), 1997-1998, MINC Washington Corporation
Portions Copyright(C), Alan Phillips, Lancaster University Computer Centre 1992-1998
Module: 'ControlUnit'

  Processing equations...
  Processing truth table...
  Processing truth table...
  Processing truth table...

  Module parsing complete. Building logic network...

  Creating Open-ABEL 2 (BLIF) file controlunit.bl0...



Module 'controlunit' processing complete.

AHDL2BLF complete - 0 errors, 0 warnings. Time: 1 seconds

Done: completed successfully.

Starting: 'C:\ispLEVER_Classic2_0\ispcpld\bin\mblifopt.exe ControlUnit.bl0 -collapse none -reduce none -err automake.err -gui -keepwires'

BLIFOPT  Open-ABEL Optimizer 
U.C. Berkeley, SIS Ver. 1.0, supported by Lattice Semiconductor
ispLEVER Classic 2.0 Copyright 1992-2015 Lattice Semiconductor. All Rights Reserved.
Reading Open-ABEL 2 file ControlUnit.bl0...
Writing Open-ABEL 2 (BLIF) file ControlUnit.bl1...
Note    0: 
BLIFOPT complete - Time 0 seconds
Done: completed successfully.

Starting: 'C:\ispLEVER_Classic2_0\ispcpld\bin\mblflink.exe "CPU.bl1" -o "hw9.bl2" -omod "hw9" -gui -err "automake.err"'

BLIFLINK  Top-Down Design Linker
ispLEVER Classic 2.0 Copyright 1992-2015 Lattice Semiconductor. All Rights Reserved.

Top-level file: 'CPU.bl1'
Linking 'programaccess.bl1'
Linking 'dataaccess.bl1'
Linking 'alu.bl1'
Linking 'controlunit.bl1'

Hierarchical BLIF: 'hw9.bl2'

BLIFLINK complete.  Time: 1 second 
Done: completed successfully.

Starting: 'C:\ispLEVER_Classic2_0\ispcpld\bin\impsrc.exe -gui -prj hw9 -lci hw9.lct -log hw9.imp -err automake.err -tti hw9.bl2 -dir u:\slei\hw9'

No pin assignment or valid property.
No source constraints were imported.
Done: completed successfully.

Starting: 'C:\ispLEVER_Classic2_0\ispcpld\bin\abelvci.exe -vci hw9.lct -blifopt hw9.b2_'

Done: completed successfully.

Starting: 'C:\ispLEVER_Classic2_0\ispcpld\bin\mblifopt.exe hw9.bl2 -sweep -mergefb -err automake.err -o hw9.bl3 @hw9.b2_ -gui'

BLIFOPT  Open-ABEL Optimizer 
U.C. Berkeley, SIS Ver. 1.0, supported by Lattice Semiconductor
ispLEVER Classic 2.0 Copyright 1992-2015 Lattice Semiconductor. All Rights Reserved.
Reading Open-ABEL 2 file hw9.bl2...
Merging feedbacks...
Note 13707: Node PAUnit>Clock is collapsed...
Note 13707: Node PAUnit>Direct0 is collapsed...
Note 13707: Node PAUnit>Direct1 is collapsed...
Note 13707: Node PAUnit>Direct10 is collapsed...
Note 13707: Node PAUnit>Direct11 is collapsed...
Note 13707: Node PAUnit>Direct12 is collapsed...
Note 13707: Node PAUnit>Direct2 is collapsed...
Note 13707: Node PAUnit>Direct3 is collapsed...
Note 13707: Node PAUnit>Direct4 is collapsed...
Note 13707: Node PAUnit>Direct5 is collapsed...
Note 13707: Node PAUnit>Direct6 is collapsed...
Note 13707: Node PAUnit>Direct7 is collapsed...
Note 13707: Node PAUnit>Direct8 is collapsed...
Note 13707: Node PAUnit>Direct9 is collapsed...
Note 13707: Node PAUnit>Load is collapsed...
Note 13707: Node PAUnit>Offset0 is collapsed...
Note 13707: Node PAUnit>Offset1 is collapsed...
Note 13707: Node PAUnit>Offset2 is collapsed...
Note 13707: Node PAUnit>Offset3 is collapsed...
Note 13707: Node PAUnit>Offset4 is collapsed...
Note 13707: Node PAUnit>Offset5 is collapsed...
Note 13707: Node PAUnit>Offset6 is collapsed...
Note 13707: Node PAUnit>Offset7 is collapsed...
Note 13707: Node PAUnit>Reset is collapsed...
Note 13707: Node PAUnit>Select0 is collapsed...
Note 13707: Node PAUnit>Select1 is collapsed...
Note 13707: Node PAUnit>Select2 is collapsed...
Note 13707: Node PAUnit>ProgAddr0 is collapsed...
Note 13707: Node PAUnit>ProgAddr1 is collapsed...
Note 13707: Node PAUnit>ProgAddr10 is collapsed...
Note 13707: Node PAUnit>ProgAddr11 is collapsed...
Note 13707: Node PAUnit>ProgAddr12 is collapsed...
Note 13707: Node PAUnit>ProgAddr2 is collapsed...
Note 13707: Node PAUnit>ProgAddr3 is collapsed...
Note 13707: Node PAUnit>ProgAddr4 is collapsed...
Note 13707: Node PAUnit>ProgAddr5 is collapsed...
Note 13707: Node PAUnit>ProgAddr6 is collapsed...
Note 13707: Node PAUnit>ProgAddr7 is collapsed...
Note 13707: Node PAUnit>ProgAddr8 is collapsed...
Note 13707: Node PAUnit>ProgAddr9 is collapsed...
Note 13707: Node DAUnit>Accum0 is collapsed...
Note 13707: Node DAUnit>Accum1 is collapsed...
Note 13707: Node DAUnit>Accum2 is collapsed...
Note 13707: Node DAUnit>Accum3 is collapsed...
Note 13707: Node DAUnit>Accum4 is collapsed...
Note 13707: Node DAUnit>Accum5 is collapsed...
Note 13707: Node DAUnit>Accum6 is collapsed...
Note 13707: Node DAUnit>Accum7 is collapsed...
Note 13707: Node DAUnit>Clock is collapsed...
Note 13707: Node DAUnit>IDOn is collapsed...
Note 13707: Node DAUnit>Inc is collapsed...
Note 13707: Node DAUnit>Offset0 is collapsed...
Note 13707: Node DAUnit>Offset1 is collapsed...
Note 13707: Node DAUnit>Offset2 is collapsed...
Note 13707: Node DAUnit>Offset3 is collapsed...
Note 13707: Node DAUnit>Offset4 is collapsed...
Note 13707: Node DAUnit>Offset5 is collapsed...
Note 13707: Node DAUnit>Offset6 is collapsed...
Note 13707: Node DAUnit>Offset7 is collapsed...
Note 13707: Node DAUnit>Post is collapsed...
Note 13707: Node DAUnit>Reset is collapsed...
Note 13707: Node DAUnit>ResetOff is collapsed...
Note 13707: Node DAUnit>UseX is collapsed...
Note 13707: Node ALUnit>Clock is collapsed...
Note 13707: Node ALUnit>Data0 is collapsed...
Note 13707: Node ALUnit>Data1 is collapsed...
Note 13707: Node ALUnit>Data4 is collapsed...
Note 13707: Node ALUnit>Data5 is collapsed...
Note 13707: Node ALUnit>Data6 is collapsed...
Note 13707: Node ALUnit>Data7 is collapsed...
Note 13707: Node ALUnit>F0 is collapsed...
Note 13707: Node ALUnit>F1 is collapsed...
Note 13707: Node ALUnit>F2 is collapsed...
Note 13707: Node ALUnit>F3 is collapsed...
Note 13707: Node ALUnit>LoadFlags is collapsed...
Note 13707: Node ALUnit>MaskC is collapsed...
Note 13707: Node ALUnit>MaskS is collapsed...
Note 13707: Node ALUnit>MaskV is collapsed...
Note 13707: Node ALUnit>MaskZ is collapsed...
Note 13707: Node ALUnit>Mode0 is collapsed...
Note 13707: Node ALUnit>Mode1 is collapsed...
Note 13707: Node ALUnit>Mode2 is collapsed...
Note 13707: Node ALUnit>Mode3 is collapsed...
Note 13707: Node ALUnit>Reset is collapsed...
Note 13707: Node ALUnit>WC is collapsed...
Note 13707: Node CUnit>Clock is collapsed...
Note 13707: Node CUnit>Flags0 is collapsed...
Note 13707: Node CUnit>Flags1 is collapsed...
Note 13707: Node CUnit>Flags2 is collapsed...
Note 13707: Node CUnit>Flags3 is collapsed...
Note 13707: Node CUnit>Flags4 is collapsed...
Note 13707: Node CUnit>Flags5 is collapsed...
Note 13707: Node CUnit>Flags6 is collapsed...
Note 13707: Node CUnit>Flags7 is collapsed...
Note 13707: Node CUnit>PDB0 is collapsed...
Note 13707: Node CUnit>PDB1 is collapsed...
Note 13707: Node CUnit>PDB10 is collapsed...
Note 13707: Node CUnit>PDB11 is collapsed...
Note 13707: Node CUnit>PDB12 is collapsed...
Note 13707: Node CUnit>PDB13 is collapsed...
Note 13707: Node CUnit>PDB14 is collapsed...
Note 13707: Node CUnit>PDB15 is collapsed...
Note 13707: Node CUnit>PDB2 is collapsed...
Note 13707: Node CUnit>PDB3 is collapsed...
Note 13707: Node CUnit>PDB4 is collapsed...
Note 13707: Node CUnit>PDB5 is collapsed...
Note 13707: Node CUnit>PDB6 is collapsed...
Note 13707: Node CUnit>PDB7 is collapsed...
Note 13707: Node CUnit>PDB8 is collapsed...
Note 13707: Node CUnit>PDB9 is collapsed...
Note 13707: Node CUnit>Reset is collapsed...
Note 13707: Node CUnit>IO is collapsed...
Note 13707: Node CUnit>PA_Load is collapsed...
Note 13707: Node CUnit>PopF is collapsed...
Note 13707: Node CUnit>RD is collapsed...
Note 13707: Node CUnit>WR is collapsed...
Note 13707: Node PAUnit/CarryIn0 is collapsed...
Note 13707: Node ALUnit/KeepZ is collapsed...
Note 13707: Node ALUnit/KeepV is collapsed...
Note 13707: Node PAUnit/SOffset12 is collapsed...
Note 13707: Node PAUnit/SOffset11 is collapsed...
Note 13707: Node PAUnit/SOffset10 is collapsed...
Note 13707: Node PAUnit/SOffset9 is collapsed...
Note 13707: Node PAUnit/SOffset8 is collapsed...
Note 13707: Node PAUnit/SOffset7 is collapsed...
Note 13707: Node PAUnit/SOffset6 is collapsed...
Note 13707: Node PAUnit/SOffset5 is collapsed...
Note 13707: Node PAUnit/SOffset4 is collapsed...
Note 13707: Node PAUnit/SOffset3 is collapsed...
Note 13707: Node PAUnit/SOffset2 is collapsed...
Note 13707: Node PAUnit/SOffset1 is collapsed...
Note 13707: Node PAUnit/SOffset0 is collapsed...
Note 13707: Node PAUnit/SHOffset12 is collapsed...
Note 13707: Node PAUnit/SHOffset11 is collapsed...
Note 13707: Node PAUnit/SHOffset10 is collapsed...
Note 13707: Node PAUnit/SHOffset9 is collapsed...
Note 13707: Node PAUnit/SHOffset8 is collapsed...
Note 13707: Node PAUnit/SLOffset0 is collapsed...
Note 13707: Node PAUnit/SLOffset1 is collapsed...
Note 13707: Node PAUnit/SLOffset2 is collapsed...
Note 13707: Node PAUnit/SLOffset3 is collapsed...
Note 13707: Node PAUnit/SLOffset4 is collapsed...
Note 13707: Node PAUnit/SLOffset5 is collapsed...
Note 13707: Node PAUnit/SLOffset6 is collapsed...
Note 13707: Node PAUnit/SLOffset7 is collapsed...
Note 13707: Node PAUnit/SLOffset8 is collapsed...
Note 13707: Node PAUnit/SLOffset9 is collapsed...
Note 13707: Node PAUnit/SLOffset10 is collapsed...
Note 13707: Node PAUnit/SLOffset11 is collapsed...
Note 13707: Node PAUnit/SLOffset12 is collapsed...
Note 13707: Node PAUnit/SHOffset0 is collapsed...
Note 13707: Node PAUnit/SHOffset1 is collapsed...
Note 13707: Node PAUnit/SHOffset2 is collapsed...
Note 13707: Node PAUnit/SHOffset3 is collapsed...
Note 13707: Node PAUnit/SHOffset4 is collapsed...
Note 13707: Node PAUnit/SHOffset5 is collapsed...
Note 13707: Node PAUnit/SHOffset6 is collapsed...
Note 13707: Node PAUnit/SHOffset7 is collapsed...
Note 13707: Node CUnit/ZFlag is collapsed...
Note 13707: Node CUnit/SFlag is collapsed...
Note 13707: Node CUnit/VFlag is collapsed...
Note 13707: Node CUnit/CFlag is collapsed...
Note 13707: Node DAUnit/AddrSum0 is collapsed...
Note 13707: Node PAUnit/Sum0 is collapsed...
Note 13707: Node DAUnit/AddrCOut0 is collapsed...
Note 13707: Node DAUnit/AddrA1 is collapsed...
Note 13707: Node DAUnit/AddrA2 is collapsed...
Note 13707: Node DAUnit/AddrA3 is collapsed...
Note 13707: Node DAUnit/AddrA4 is collapsed...
Note 13707: Node DAUnit/AddrA5 is collapsed...
Note 13707: Node PAUnit/CarryIn1 is collapsed...
Note 13707: Node DAUnit/AddrA6 is collapsed...
Note 13707: Node DAUnit/AddrA7 is collapsed...
Note 13707: Node DAUnit/IncB0 is collapsed...
Note 13707: Node DAUnit/IDCOut0 is collapsed...
Note 13707: Node DAUnit/IncB1 is collapsed...
Note 13707: Node DAUnit/IncB2 is collapsed...
Note 13707: Node DAUnit/IncB3 is collapsed...
Note 13707: Node DAUnit/IncB4 is collapsed...
Note 13707: Node DAUnit/IncB5 is collapsed...
Note 13707: Node DAUnit/IncB6 is collapsed...
Note 13707: Node DAUnit/IncB7 is collapsed...
Note 13707: Node PAUnit/Sum2 is collapsed...
Note 13707: Node PAUnit/Sum3 is collapsed...
Note 13707: Node PAUnit/Sum4 is collapsed...
Note 13707: Node PAUnit/Sum5 is collapsed...
Note 13707: Node PAUnit/Sum6 is collapsed...
Note 13707: Node PAUnit/Sum7 is collapsed...
Note 13707: Node PAUnit/Sum8 is collapsed...
Note 13707: Node PAUnit/Sum9 is collapsed...
Note 13707: Node PAUnit/Sum10 is collapsed...
Note 13707: Node PAUnit/Sum11 is collapsed...
Note 13707: Node PAUnit/Sum12 is collapsed...
Note 13707: Node DAUnit/AddrA0 is collapsed...
Note 13707: Node ALUnit/CarryOut7 is collapsed...
Note 13707: Node PAUnit/Sum1 is collapsed...
Note 13707: Node DAUnit/AddrCOut7 is collapsed...
Note 13707: Node DAUnit/AddrCOut6 is collapsed...
Note 13707: Node DAUnit/AddrSum2 is collapsed...
Note 13707: Node DAUnit/AddrSum3 is collapsed...
Note 13707: Node DAUnit/AddrSum4 is collapsed...
Note 13707: Node DAUnit/AddrSum5 is collapsed...
Note 13707: Node DAUnit/AddrSum6 is collapsed...
Note 13707: Node PAUnit/A12 is collapsed...
Note 13707: Node DAUnit/IDCOut7 is collapsed...
Note 13707: Node DAUnit/IncA7 is collapsed...
Note 13707: Node DAUnit/IDCOut6 is collapsed...
Note 13707: Node DAUnit/IDSum0 is collapsed...
Note 13707: Node DAUnit/IncA6 is collapsed...
Note 13707: Node DAUnit/IncA5 is collapsed...
Note 13707: Node DAUnit/IncA4 is collapsed...
Note 13707: Node DAUnit/IncA3 is collapsed...
Note 13707: Node DAUnit/IncA2 is collapsed...
Note 13707: Node DAUnit/IncA1 is collapsed...
Note 13707: Node PAUnit/B1 is collapsed...
Note 13707: Node PAUnit/B2 is collapsed...
Note 13707: Node PAUnit/A6 is collapsed...
Note 13707: Node PAUnit/B3 is collapsed...
Note 13707: Node PAUnit/A7 is collapsed...
Note 13707: Node PAUnit/A8 is collapsed...
Note 13707: Node PAUnit/B4 is collapsed...
Note 13707: Node PAUnit/B5 is collapsed...
Note 13707: Node PAUnit/A9 is collapsed...
Note 13707: Node PAUnit/A11 is collapsed...
Note 13707: Node PAUnit/A10 is collapsed...
Note 13707: Node DAUnit/AddrSum1 is collapsed...
Note 13707: Node DAUnit/AddrSum7 is collapsed...
Note 13707: Node DAUnit/IDCOut5 is collapsed...
Note 13707: Node DAUnit/IDCOut3 is collapsed...
Note 13707: Node DAUnit/IDCOut1 is collapsed...
Note 13707: Node DAUnit/IDCOut2 is collapsed...
Note 13707: Speed mode stopped due to area constraint
Control path optimization...
Performing 'bypin choose' optimization...
.......................................................................
....................Note    0: 
Estimated (clusters + macrocells): 271, Fmax Logic Level: 14
Writing Open-ABEL 2 (BLIF) file hw9.bl3...
Note    0: 
BLIFOPT complete - Time 5 seconds
Done: completed successfully.

Starting: 'C:\ispLEVER_Classic2_0\ispcpld\bin\abelvci.exe -vci hw9.lct -dev lc4k -diofft hw9.d0'

Done: completed successfully.

Starting: 'C:\ispLEVER_Classic2_0\ispcpld\bin\mdiofft.exe hw9.bl3 -family AMDMACH -idev van -o hw9.bl4 -oxrf hw9.xrf -err automake.err @hw9.d0 -gui'

DIOFFT  Flip-Flop Transformation program
ispLEVER Classic 2.0 Copyright 1992-2015 Lattice Semiconductor. All Rights Reserved.
Input file: hw9.bl3.
Output file: hw9.bl4.
Cross reference file: hw9.xrf.

.......................................................................
.......................................................................
.......................................................................
.......................................................................
.....................
Shortening signal names...
Writing signal name cross reference file hw9.xrf... 

DIOFFT complete - Time 0 seconds
Done: completed successfully.

Starting: 'C:\ispLEVER_Classic2_0\ispcpld\bin\abelvci.exe -vci hw9.lct -dev lc4k -prefit hw9.l0'

Done: completed successfully.

Starting: 'C:\ispLEVER_Classic2_0\ispcpld\bin\prefit.exe -blif -inp hw9.bl4 -out hw9.bl5 -err automake.err -log hw9.log -mod CPU @hw9.l0 -gui -sc'

Prefit Logic Optimizer (May 31 2012)  Wed Mar 18 18:48:28 2015

C:\ispLEVER_Classic2_0\ispcpld\bin\prefit.exe -blif -inp hw9.bl4 -out hw9.bl5 -err automake.err -log hw9.log -mod CPU @hw9.l0 -gui -sc 
Number of pins (IO)    :    82
Number of outputs (MC) :   208
Number of registers    :    61
Number of logic pterms :   897
C:\ispLEVER_Classic2_0\ispcpld\bin\prefit.exe complete - Time 1 seconds

Done: completed successfully.

Launching: 'C:\ispLEVER_Classic2_0\ispcpld\bin\simcp.exe @simcp._sp'

