can not open map file CPU.lsi
Loading netlist......
Loading netlist successfully.
Instable circuit at time 700.000ns (step 8) and occurs at step 6
Please push RUN button to go on simulating
         7000 D^V0_DATAADDR6^X1 :at step          8, value=0; Instable Net
         7000 D^V0_DATAADDR4^X1 :at step          8, value=0; Instable Net
         7000 D^V0_DATAADDR2^X1 :at step          8, value=0; Instable Net
         7000 D^DATAAB2^X1 :at step          8, value=0; Instable Net
         7000 D^DATAAB4^X1 :at step          8, value=0; Instable Net
         7000 D^DATAAB6^X1 :at step          8, value=0; Instable Net
         7000 D^DATAAB2_TMP :at step          8, value=1; Instable Net
         7000 D^V0_DATAADDR2 :at step          8, value=1; Instable Net
         7000 D^DATAAB4_TMP :at step          8, value=1; Instable Net
         7000 D^V0_DATAADDR4 :at step          8, value=1; Instable Net
         7000 D^DATAAB6_TMP :at step          8, value=1; Instable Net
         7000 D^V0_DATAADDR6 :at step          8, value=1; Instable Net
         7000 DATAAB6 :at step          8, value=0; Instable Net
         7000 DATAAB4 :at step          8, value=0; Instable Net
         7000 DATAAB2 :at step          8, value=0; Instable Net
Operation RUN ends.
Instable circuit at time 1300.000ns (step 10) and occurs at step 8
Please push RUN button to go on simulating
        13000 D^DATAAB2_TMP :at step         10, value=0; Instable Net
        13000 D^V0_DATAADDR2 :at step         10, value=0; Instable Net
        13000 D^DATAAB5_TMP :at step         10, value=0; Instable Net
        13000 D^V0_DATAADDR5 :at step         10, value=0; Instable Net
        13000 D^V0_DATAADDR5^X1 :at step         10, value=1; Instable Net
        13000 D^DATAAB5^X1 :at step         10, value=1; Instable Net
        13000 DATAAB5 :at step         10, value=1; Instable Net
        13000 D^V0_DATAADDR2^X1 :at step         10, value=1; Instable Net
        13000 D^DATAAB2^X1 :at step         10, value=1; Instable Net
        13000 DATAAB2 :at step         10, value=1; Instable Net
Operation RUN ends.
Instable circuit at time 1700.000ns (step 9) and occurs at step 7
Please push RUN button to go on simulating
        17000 D^DATAAB1_TMP :at step          9, value=1; Instable Net
        17000 D^V0_DATAADDR1 :at step          9, value=1; Instable Net
        17000 D^DATAAB2_TMP :at step          9, value=1; Instable Net
        17000 D^V0_DATAADDR2 :at step          9, value=1; Instable Net
        17000 D^DATAAB3_TMP :at step          9, value=1; Instable Net
        17000 D^V0_DATAADDR3 :at step          9, value=1; Instable Net
        17000 D^DATAAB4_TMP :at step          9, value=1; Instable Net
        17000 D^V0_DATAADDR4 :at step          9, value=1; Instable Net
        17000 D^DATAAB5_TMP :at step          9, value=1; Instable Net
        17000 D^V0_DATAADDR5 :at step          9, value=1; Instable Net
        17000 D^DATAAB6_TMP :at step          9, value=1; Instable Net
        17000 D^V0_DATAADDR6 :at step          9, value=1; Instable Net
        17000 D^V0_DATAADDR6^X1 :at step          9, value=0; Instable Net
        17000 D^DATAAB6^X1 :at step          9, value=0; Instable Net
        17000 DATAAB6 :at step          9, value=0; Instable Net
        17000 D^V0_DATAADDR5^X1 :at step          9, value=0; Instable Net
        17000 D^DATAAB5^X1 :at step          9, value=0; Instable Net
        17000 DATAAB5 :at step          9, value=0; Instable Net
        17000 D^V0_DATAADDR4^X1 :at step          9, value=0; Instable Net
        17000 D^DATAAB4^X1 :at step          9, value=0; Instable Net
        17000 DATAAB4 :at step          9, value=0; Instable Net
        17000 D^V0_DATAADDR3^X1 :at step          9, value=0; Instable Net
        17000 D^DATAAB3^X1 :at step          9, value=0; Instable Net
        17000 DATAAB3 :at step          9, value=0; Instable Net
        17000 D^V0_DATAADDR2^X1 :at step          9, value=0; Instable Net
        17000 D^DATAAB2^X1 :at step          9, value=0; Instable Net
        17000 DATAAB2 :at step          9, value=0; Instable Net
        17000 D^V0_DATAADDR1^X1 :at step          9, value=0; Instable Net
        17000 D^DATAAB1^X1 :at step          9, value=0; Instable Net
        17000 DATAAB1 :at step          9, value=0; Instable Net
Operation RUN ends.
Instable circuit at time 2100.000ns (step 10) and occurs at step 8
Please push RUN button to go on simulating
        21000 D^V0_DATAADDR7^X1 :at step         10, value=0; Instable Net
        21000 D^V0_DATAADDR7 :at step         10, value=1; Instable Net
        21000 D^DATAAB7_TMP :at step         10, value=0; Instable Net
        21000 DATAAB7 :at step         10, value=1; Instable Net
Operation RUN ends.
Instable circuit at time 2500.000ns (step 9) and occurs at step 7
Please push RUN button to go on simulating
        25000 D^DATAAB1_TMP :at step          9, value=1; Instable Net
        25000 D^V0_DATAADDR1 :at step          9, value=1; Instable Net
        25000 D^V0_DATAADDR1^X1 :at step          9, value=0; Instable Net
        25000 D^DATAAB1^X1 :at step          9, value=0; Instable Net
        25000 DATAAB1 :at step          9, value=0; Instable Net
Operation RUN ends.
Instable circuit at time 3300.000ns (step 10) and occurs at step 8
Please push RUN button to go on simulating
        33000 D^V0_DATAADDR7^X1 :at step         10, value=1; Instable Net
        33000 D^V0_DATAADDR7 :at step         10, value=0; Instable Net
        33000 D^DATAAB7_TMP :at step         10, value=1; Instable Net
        33000 DATAAB7 :at step         10, value=0; Instable Net
Operation RUN ends.
Instable circuit at time 3900.000ns (step 8) and occurs at step 6
Please push RUN button to go on simulating
        39000 D^V0_DATAADDR7^X1 :at step          8, value=1; Instable Net
        39000 D^V0_DATAADDR6^X1 :at step          8, value=1; Instable Net
        39000 D^V0_DATAADDR4^X1 :at step          8, value=1; Instable Net
        39000 D^V0_DATAADDR2^X1 :at step          8, value=1; Instable Net
        39000 D^DATAAB2^X1 :at step          8, value=1; Instable Net
        39000 D^DATAAB4^X1 :at step          8, value=1; Instable Net
        39000 D^DATAAB6^X1 :at step          8, value=1; Instable Net
        39000 D^DATAAB2_TMP :at step          8, value=0; Instable Net
        39000 D^V0_DATAADDR2 :at step          8, value=0; Instable Net
        39000 D^DATAAB4_TMP :at step          8, value=0; Instable Net
        39000 D^V0_DATAADDR4 :at step          8, value=0; Instable Net
        39000 D^DATAAB6_TMP :at step          8, value=0; Instable Net
        39000 D^V0_DATAADDR6 :at step          8, value=0; Instable Net
        39000 D^V0_DATAADDR7 :at step          8, value=0; Instable Net
        39000 D^DATAAB7_TMP :at step          8, value=1; Instable Net
        39000 DATAAB6 :at step          8, value=1; Instable Net
        39000 DATAAB4 :at step          8, value=1; Instable Net
        39000 DATAAB2 :at step          8, value=1; Instable Net
        39000 DATAAB7 :at step          8, value=0; Instable Net
Operation RUN ends.
at 4200.000 ns, DATADB7  expected: 1, actual: 0
at 4200.000 ns, DATADB5  expected: 1, actual: 0
Instable circuit at time 4300.000ns (step 10) and occurs at step 8
Please push RUN button to go on simulating
        43000 D^V0_DATAADDR7^X1 :at step         10, value=1; Instable Net
        43000 D^V0_DATAADDR7 :at step         10, value=0; Instable Net
        43000 D^DATAAB7_TMP :at step         10, value=1; Instable Net
        43000 DATAAB7 :at step         10, value=0; Instable Net
Operation RUN ends.
at 4600.000 ns, DATADB7  expected: 1, actual: 0
at 4600.000 ns, DATADB5  expected: 1, actual: 0
It reaches the running time defined by user.
Operation RUN ends.
